2025/03/07 06:48:05 [error] [system.db.CDbCommand] CDbCommand::fetch() failed: SQLSTATE[42S22]: Column not found: 1054 Unknown column 'username' in 'where clause'. The SQL statement executed was: SELECT * FROM `tbl_user` `t` WHERE LOWER(username)=? LIMIT 1.
in C:\xampp\htdocs\mod5\protected\components\UserIdentity.php (22)
in C:\xampp\htdocs\mod5\protected\models\LoginForm.php (54)
in C:\xampp\htdocs\mod5\protected\controllers\SiteController.php (94)
2025/03/07 06:48:05 [error] [exception.CDbException] CDbException: CDbCommand failed to execute the SQL statement: SQLSTATE[42S22]: Column not found: 1054 Unknown column 'username' in 'where clause'. The SQL statement executed was: SELECT * FROM `tbl_user` `t` WHERE LOWER(username)=? LIMIT 1 in C:\xampp\htdocs\mod5\framework\db\CDbCommand.php:543
Stack trace:
#0 C:\xampp\htdocs\mod5\framework\db\CDbCommand.php(415): CDbCommand->queryInternal('fetch', Array, Array)
#1 C:\xampp\htdocs\mod5\framework\db\ar\CActiveRecord.php(1359): CDbCommand->queryRow()
#2 C:\xampp\htdocs\mod5\framework\db\ar\CActiveRecord.php(1464): CActiveRecord->query(Object(CDbCriteria))
#3 C:\xampp\htdocs\mod5\protected\components\UserIdentity.php(22): CActiveRecord->find('LOWER(username)...', Array)
#4 C:\xampp\htdocs\mod5\protected\models\LoginForm.php(54): UserIdentity->authenticate()
#5 C:\xampp\htdocs\mod5\framework\validators\CInlineValidator.php(42): LoginForm->authenticate('password', Array)
#6 C:\xampp\htdocs\mod5\framework\validators\CValidator.php(201): CInlineValidator->validateAttribute(Object(LoginForm), 'password')
#7 C:\xampp\htdocs\mod5\framework\base\CModel.php(159): CValidator->validate(Object(LoginForm), Array)
#8 C:\xampp\htdocs\mod5\protected\controllers\SiteController.php(94): CModel->validate()
#9 C:\xampp\htdocs\mod5\framework\web\actions\CInlineAction.php(49): SiteController->actionLogin()
#10 C:\xampp\htdocs\mod5\framework\web\CController.php(308): CInlineAction->runWithParams(Array)
#11 C:\xampp\htdocs\mod5\framework\web\CController.php(286): CController->runAction(Object(CInlineAction))
#12 C:\xampp\htdocs\mod5\framework\web\CController.php(265): CController->runActionWithFilters(Object(CInlineAction), Array)
#13 C:\xampp\htdocs\mod5\framework\web\CWebApplication.php(282): CController->run('login')
#14 C:\xampp\htdocs\mod5\framework\web\CWebApplication.php(141): CWebApplication->runController('site/login')
#15 C:\xampp\htdocs\mod5\framework\base\CApplication.php(185): CWebApplication->processRequest()
#16 C:\xampp\htdocs\mod5\index.php(13): CApplication->run()
#17 {main}
REQUEST_URI=/mod5/index.php/site/login
HTTP_REFERER=http://localhost/mod5/index.php/site/login
---
2025/03/07 06:52:08 [error] [exception.CHttpException.404] CHttpException: The system is unable to find the requested action "user". in C:\xampp\htdocs\mod5\framework\web\CController.php:486
Stack trace:
#0 C:\xampp\htdocs\mod5\framework\web\CController.php(270): CController->missingAction('user')
#1 C:\xampp\htdocs\mod5\framework\web\CWebApplication.php(282): CController->run('user')
#2 C:\xampp\htdocs\mod5\framework\web\CWebApplication.php(141): CWebApplication->runController('site/user')
#3 C:\xampp\htdocs\mod5\framework\base\CApplication.php(185): CWebApplication->processRequest()
#4 C:\xampp\htdocs\mod5\index.php(13): CApplication->run()
#5 {main}
REQUEST_URI=/mod5/index.php/site/user
HTTP_REFERER=http://localhost/mod5/index.php
---
2025/03/07 06:52:54 [error] [exception.CHttpException.404] CHttpException: The system is unable to find the requested action "user". in C:\xampp\htdocs\mod5\framework\web\CController.php:486
Stack trace:
#0 C:\xampp\htdocs\mod5\framework\web\CController.php(270): CController->missingAction('user')
#1 C:\xampp\htdocs\mod5\framework\web\CWebApplication.php(282): CController->run('user')
#2 C:\xampp\htdocs\mod5\framework\web\CWebApplication.php(141): CWebApplication->runController('site/user')
#3 C:\xampp\htdocs\mod5\framework\base\CApplication.php(185): CWebApplication->processRequest()
#4 C:\xampp\htdocs\mod5\index.php(13): CApplication->run()
#5 {main}
REQUEST_URI=/mod5/index.php/site/user
HTTP_REFERER=http://localhost/mod5/index.php
---
2025/03/07 06:57:26 [error] [exception.CHttpException.400] CHttpException: Your request is invalid. in C:\xampp\htdocs\mod5\framework\web\CController.php:337
Stack trace:
#0 C:\xampp\htdocs\mod5\framework\web\CController.php(309): CController->invalidActionParams(Object(CInlineAction))
#1 C:\xampp\htdocs\mod5\framework\web\filters\CFilterChain.php(134): CController->runAction(Object(CInlineAction))
#2 C:\xampp\htdocs\mod5\framework\web\filters\CFilter.php(40): CFilterChain->run()
#3 C:\xampp\htdocs\mod5\framework\web\CController.php(1148): CFilter->filter(Object(CFilterChain))
#4 C:\xampp\htdocs\mod5\framework\web\filters\CInlineFilter.php(58): CController->filterAccessControl(Object(CFilterChain))
#5 C:\xampp\htdocs\mod5\framework\web\filters\CFilterChain.php(131): CInlineFilter->filter(Object(CFilterChain))
#6 C:\xampp\htdocs\mod5\framework\web\CController.php(291): CFilterChain->run()
#7 C:\xampp\htdocs\mod5\framework\web\CController.php(265): CController->runActionWithFilters(Object(CInlineAction), Array)
#8 C:\xampp\htdocs\mod5\framework\web\CWebApplication.php(282): CController->run('view')
#9 C:\xampp\htdocs\mod5\framework\web\CWebApplication.php(141): CWebApplication->runController('user/view')
#10 C:\xampp\htdocs\mod5\framework\base\CApplication.php(185): CWebApplication->processRequest()
#11 C:\xampp\htdocs\mod5\index.php(13): CApplication->run()
#12 {main}
REQUEST_URI=/mod5/index.php/user/view
HTTP_REFERER=http://localhost/mod5/index.php/site/index
---
2025/03/07 06:57:58 [error] [exception.CHttpException.404] CHttpException: The system is unable to find the requested action "user". in C:\xampp\htdocs\mod5\framework\web\CController.php:486
Stack trace:
#0 C:\xampp\htdocs\mod5\framework\web\CController.php(270): CController->missingAction('user')
#1 C:\xampp\htdocs\mod5\framework\web\CWebApplication.php(282): CController->run('user')
#2 C:\xampp\htdocs\mod5\framework\web\CWebApplication.php(141): CWebApplication->runController('site/user/view')
#3 C:\xampp\htdocs\mod5\framework\base\CApplication.php(185): CWebApplication->processRequest()
#4 C:\xampp\htdocs\mod5\index.php(13): CApplication->run()
#5 {main}
REQUEST_URI=/mod5/index.php/site/user/view
HTTP_REFERER=http://localhost/mod5/index.php/site/index/user
---
2025/03/07 06:58:08 [error] [exception.CHttpException.404] CHttpException: The system is unable to find the requested action "user". in C:\xampp\htdocs\mod5\framework\web\CController.php:486
Stack trace:
#0 C:\xampp\htdocs\mod5\framework\web\CController.php(270): CController->missingAction('user')
#1 C:\xampp\htdocs\mod5\framework\web\CWebApplication.php(282): CController->run('user')
#2 C:\xampp\htdocs\mod5\framework\web\CWebApplication.php(141): CWebApplication->runController('site/user/view')
#3 C:\xampp\htdocs\mod5\framework\base\CApplication.php(185): CWebApplication->processRequest()
#4 C:\xampp\htdocs\mod5\index.php(13): CApplication->run()
#5 {main}
REQUEST_URI=/mod5/index.php/site/user/view
HTTP_REFERER=http://localhost/mod5/index.php/site/contact
---
2025/03/07 06:58:14 [error] [exception.CHttpException.404] CHttpException: The system is unable to find the requested action "user". in C:\xampp\htdocs\mod5\framework\web\CController.php:486
Stack trace:
#0 C:\xampp\htdocs\mod5\framework\web\CController.php(270): CController->missingAction('user')
#1 C:\xampp\htdocs\mod5\framework\web\CWebApplication.php(282): CController->run('user')
#2 C:\xampp\htdocs\mod5\framework\web\CWebApplication.php(141): CWebApplication->runController('site/user/view')
#3 C:\xampp\htdocs\mod5\framework\base\CApplication.php(185): CWebApplication->processRequest()
#4 C:\xampp\htdocs\mod5\index.php(13): CApplication->run()
#5 {main}
REQUEST_URI=/mod5/index.php/site/user/view
HTTP_REFERER=http://localhost/mod5/index.php/site/contact
---
2025/03/07 07:16:32 [error] [exception.CHttpException.403] CHttpException: You are not authorized to perform this action. in C:\xampp\htdocs\mod5\framework\web\auth\CAccessControlFilter.php:183
Stack trace:
#0 C:\xampp\htdocs\mod5\framework\web\auth\CAccessControlFilter.php(145): CAccessControlFilter->accessDenied(Object(CWebUser), 'You are not aut...')
#1 C:\xampp\htdocs\mod5\framework\web\filters\CFilter.php(38): CAccessControlFilter->preFilter(Object(CFilterChain))
#2 C:\xampp\htdocs\mod5\framework\web\CController.php(1148): CFilter->filter(Object(CFilterChain))
#3 C:\xampp\htdocs\mod5\framework\web\filters\CInlineFilter.php(58): CController->filterAccessControl(Object(CFilterChain))
#4 C:\xampp\htdocs\mod5\framework\web\filters\CFilterChain.php(131): CInlineFilter->filter(Object(CFilterChain))
#5 C:\xampp\htdocs\mod5\framework\web\CController.php(291): CFilterChain->run()
#6 C:\xampp\htdocs\mod5\framework\web\CController.php(265): CController->runActionWithFilters(Object(CInlineAction), Array)
#7 C:\xampp\htdocs\mod5\framework\web\CWebApplication.php(282): CController->run('convert')
#8 C:\xampp\htdocs\mod5\framework\web\CWebApplication.php(141): CWebApplication->runController('account/convert')
#9 C:\xampp\htdocs\mod5\framework\base\CApplication.php(185): CWebApplication->processRequest()
#10 C:\xampp\htdocs\mod5\index.php(13): CApplication->run()
#11 {main}
REQUEST_URI=/mod5/index.php/account/convert
HTTP_REFERER=http://localhost/mod5/index.php/user
---
2025/03/07 07:16:47 [error] [php] Undefined variable $sql (C:\xampp\htdocs\mod5\protected\views\account\convert.php:13)
Stack trace:
#0 C:\xampp\htdocs\mod5\framework\web\CBaseController.php(126): require()
#1 C:\xampp\htdocs\mod5\framework\web\CBaseController.php(95): AccountController->renderInternal()
#2 C:\xampp\htdocs\mod5\framework\web\CController.php(872): AccountController->renderFile()
#3 C:\xampp\htdocs\mod5\framework\web\CController.php(785): AccountController->renderPartial()
#4 C:\xampp\htdocs\mod5\protected\controllers\AccountController.php(186): AccountController->render()
#5 C:\xampp\htdocs\mod5\framework\web\actions\CInlineAction.php(49): AccountController->actionConvert()
#6 C:\xampp\htdocs\mod5\framework\web\CController.php(308): CInlineAction->runWithParams()
#7 C:\xampp\htdocs\mod5\framework\web\filters\CFilterChain.php(134): AccountController->runAction()
#8 C:\xampp\htdocs\mod5\framework\web\filters\CFilter.php(40): CFilterChain->run()
#9 C:\xampp\htdocs\mod5\framework\web\CController.php(1148): CAccessControlFilter->filter()
#10 C:\xampp\htdocs\mod5\framework\web\filters\CInlineFilter.php(58): AccountController->filterAccessControl()
#11 C:\xampp\htdocs\mod5\framework\web\filters\CFilterChain.php(131): CInlineFilter->filter()
#12 C:\xampp\htdocs\mod5\framework\web\CController.php(291): CFilterChain->run()
#13 C:\xampp\htdocs\mod5\framework\web\CController.php(265): AccountController->runActionWithFilters()
#14 C:\xampp\htdocs\mod5\framework\web\CWebApplication.php(282): AccountController->run()
#15 C:\xampp\htdocs\mod5\framework\web\CWebApplication.php(141): CWebApplication->runController()
#16 C:\xampp\htdocs\mod5\framework\base\CApplication.php(185): CWebApplication->processRequest()
#17 C:\xampp\htdocs\mod5\index.php(13): CWebApplication->run()
REQUEST_URI=/mod5/index.php/account/convert
in C:\xampp\htdocs\mod5\protected\views\account\convert.php (13)
in C:\xampp\htdocs\mod5\protected\controllers\AccountController.php (186)
in C:\xampp\htdocs\mod5\index.php (13)
2025/03/07 07:32:14 [error] [system.db.CDbCommand] CDbCommand::fetchAll() failed: SQLSTATE[42S22]: Column not found: 1054 Unknown column 'lastname' in 'where clause'. The SQL statement executed was: SELECT * FROM `tbl_account` `t` WHERE lastname LIKE :lastname AND YEAR(date_hired) = :date_hired.
in C:\xampp\htdocs\mod5\protected\controllers\AccountController.php (189)
in C:\xampp\htdocs\mod5\index.php (13)
2025/03/07 07:32:14 [error] [exception.CDbException] CDbException: CDbCommand failed to execute the SQL statement: SQLSTATE[42S22]: Column not found: 1054 Unknown column 'lastname' in 'where clause'. The SQL statement executed was: SELECT * FROM `tbl_account` `t` WHERE lastname LIKE :lastname AND YEAR(date_hired) = :date_hired in C:\xampp\htdocs\mod5\framework\db\CDbCommand.php:543
Stack trace:
#0 C:\xampp\htdocs\mod5\framework\db\CDbCommand.php(396): CDbCommand->queryInternal('fetchAll', Array, Array)
#1 C:\xampp\htdocs\mod5\framework\db\ar\CActiveRecord.php(1359): CDbCommand->queryAll()
#2 C:\xampp\htdocs\mod5\framework\db\ar\CActiveRecord.php(1478): CActiveRecord->query(Object(CDbCriteria), true)
#3 C:\xampp\htdocs\mod5\protected\controllers\AccountController.php(189): CActiveRecord->findAll(Array)
#4 C:\xampp\htdocs\mod5\framework\web\actions\CInlineAction.php(49): AccountController->actionConvert()
#5 C:\xampp\htdocs\mod5\framework\web\CController.php(308): CInlineAction->runWithParams(Array)
#6 C:\xampp\htdocs\mod5\framework\web\filters\CFilterChain.php(134): CController->runAction(Object(CInlineAction))
#7 C:\xampp\htdocs\mod5\framework\web\filters\CFilter.php(40): CFilterChain->run()
#8 C:\xampp\htdocs\mod5\framework\web\CController.php(1148): CFilter->filter(Object(CFilterChain))
#9 C:\xampp\htdocs\mod5\framework\web\filters\CInlineFilter.php(58): CController->filterAccessControl(Object(CFilterChain))
#10 C:\xampp\htdocs\mod5\framework\web\filters\CFilterChain.php(131): CInlineFilter->filter(Object(CFilterChain))
#11 C:\xampp\htdocs\mod5\framework\web\CController.php(291): CFilterChain->run()
#12 C:\xampp\htdocs\mod5\framework\web\CController.php(265): CController->runActionWithFilters(Object(CInlineAction), Array)
#13 C:\xampp\htdocs\mod5\framework\web\CWebApplication.php(282): CController->run('convert')
#14 C:\xampp\htdocs\mod5\framework\web\CWebApplication.php(141): CWebApplication->runController('account/convert')
#15 C:\xampp\htdocs\mod5\framework\base\CApplication.php(185): CWebApplication->processRequest()
#16 C:\xampp\htdocs\mod5\index.php(13): CApplication->run()
#17 {main}
REQUEST_URI=/mod5/index.php/account/convert
HTTP_REFERER=http://localhost/mod5/index.php/account
---
2025/03/07 07:32:43 [error] [system.db.CDbCommand] CDbCommand::fetchAll() failed: SQLSTATE[42S22]: Column not found: 1054 Unknown column 'lastname' in 'where clause'. The SQL statement executed was: SELECT * FROM `tbl_account` `t` WHERE lastname LIKE :lastname AND YEAR(date_hired) = :date_hired.
in C:\xampp\htdocs\mod5\protected\controllers\AccountController.php (189)
in C:\xampp\htdocs\mod5\index.php (13)
2025/03/07 07:32:43 [error] [exception.CDbException] CDbException: CDbCommand failed to execute the SQL statement: SQLSTATE[42S22]: Column not found: 1054 Unknown column 'lastname' in 'where clause'. The SQL statement executed was: SELECT * FROM `tbl_account` `t` WHERE lastname LIKE :lastname AND YEAR(date_hired) = :date_hired in C:\xampp\htdocs\mod5\framework\db\CDbCommand.php:543
Stack trace:
#0 C:\xampp\htdocs\mod5\framework\db\CDbCommand.php(396): CDbCommand->queryInternal('fetchAll', Array, Array)
#1 C:\xampp\htdocs\mod5\framework\db\ar\CActiveRecord.php(1359): CDbCommand->queryAll()
#2 C:\xampp\htdocs\mod5\framework\db\ar\CActiveRecord.php(1478): CActiveRecord->query(Object(CDbCriteria), true)
#3 C:\xampp\htdocs\mod5\protected\controllers\AccountController.php(189): CActiveRecord->findAll(Array)
#4 C:\xampp\htdocs\mod5\framework\web\actions\CInlineAction.php(49): AccountController->actionConvert()
#5 C:\xampp\htdocs\mod5\framework\web\CController.php(308): CInlineAction->runWithParams(Array)
#6 C:\xampp\htdocs\mod5\framework\web\filters\CFilterChain.php(134): CController->runAction(Object(CInlineAction))
#7 C:\xampp\htdocs\mod5\framework\web\filters\CFilter.php(40): CFilterChain->run()
#8 C:\xampp\htdocs\mod5\framework\web\CController.php(1148): CFilter->filter(Object(CFilterChain))
#9 C:\xampp\htdocs\mod5\framework\web\filters\CInlineFilter.php(58): CController->filterAccessControl(Object(CFilterChain))
#10 C:\xampp\htdocs\mod5\framework\web\filters\CFilterChain.php(131): CInlineFilter->filter(Object(CFilterChain))
#11 C:\xampp\htdocs\mod5\framework\web\CController.php(291): CFilterChain->run()
#12 C:\xampp\htdocs\mod5\framework\web\CController.php(265): CController->runActionWithFilters(Object(CInlineAction), Array)
#13 C:\xampp\htdocs\mod5\framework\web\CWebApplication.php(282): CController->run('convert')
#14 C:\xampp\htdocs\mod5\framework\web\CWebApplication.php(141): CWebApplication->runController('account/convert')
#15 C:\xampp\htdocs\mod5\framework\base\CApplication.php(185): CWebApplication->processRequest()
#16 C:\xampp\htdocs\mod5\index.php(13): CApplication->run()
#17 {main}
REQUEST_URI=/mod5/index.php/account/convert
HTTP_REFERER=http://localhost/mod5/index.php/account
---
2025/03/07 07:32:45 [error] [system.db.CDbCommand] CDbCommand::fetchAll() failed: SQLSTATE[42S22]: Column not found: 1054 Unknown column 'lastname' in 'where clause'. The SQL statement executed was: SELECT * FROM `tbl_account` `t` WHERE lastname LIKE :lastname AND YEAR(date_hired) = :date_hired.
in C:\xampp\htdocs\mod5\protected\controllers\AccountController.php (189)
in C:\xampp\htdocs\mod5\index.php (13)
2025/03/07 07:32:45 [error] [exception.CDbException] CDbException: CDbCommand failed to execute the SQL statement: SQLSTATE[42S22]: Column not found: 1054 Unknown column 'lastname' in 'where clause'. The SQL statement executed was: SELECT * FROM `tbl_account` `t` WHERE lastname LIKE :lastname AND YEAR(date_hired) = :date_hired in C:\xampp\htdocs\mod5\framework\db\CDbCommand.php:543
Stack trace:
#0 C:\xampp\htdocs\mod5\framework\db\CDbCommand.php(396): CDbCommand->queryInternal('fetchAll', Array, Array)
#1 C:\xampp\htdocs\mod5\framework\db\ar\CActiveRecord.php(1359): CDbCommand->queryAll()
#2 C:\xampp\htdocs\mod5\framework\db\ar\CActiveRecord.php(1478): CActiveRecord->query(Object(CDbCriteria), true)
#3 C:\xampp\htdocs\mod5\protected\controllers\AccountController.php(189): CActiveRecord->findAll(Array)
#4 C:\xampp\htdocs\mod5\framework\web\actions\CInlineAction.php(49): AccountController->actionConvert()
#5 C:\xampp\htdocs\mod5\framework\web\CController.php(308): CInlineAction->runWithParams(Array)
#6 C:\xampp\htdocs\mod5\framework\web\filters\CFilterChain.php(134): CController->runAction(Object(CInlineAction))
#7 C:\xampp\htdocs\mod5\framework\web\filters\CFilter.php(40): CFilterChain->run()
#8 C:\xampp\htdocs\mod5\framework\web\CController.php(1148): CFilter->filter(Object(CFilterChain))
#9 C:\xampp\htdocs\mod5\framework\web\filters\CInlineFilter.php(58): CController->filterAccessControl(Object(CFilterChain))
#10 C:\xampp\htdocs\mod5\framework\web\filters\CFilterChain.php(131): CInlineFilter->filter(Object(CFilterChain))
#11 C:\xampp\htdocs\mod5\framework\web\CController.php(291): CFilterChain->run()
#12 C:\xampp\htdocs\mod5\framework\web\CController.php(265): CController->runActionWithFilters(Object(CInlineAction), Array)
#13 C:\xampp\htdocs\mod5\framework\web\CWebApplication.php(282): CController->run('convert')
#14 C:\xampp\htdocs\mod5\framework\web\CWebApplication.php(141): CWebApplication->runController('account/convert')
#15 C:\xampp\htdocs\mod5\framework\base\CApplication.php(185): CWebApplication->processRequest()
#16 C:\xampp\htdocs\mod5\index.php(13): CApplication->run()
#17 {main}
REQUEST_URI=/mod5/index.php/account/convert
HTTP_REFERER=http://localhost/mod5/index.php/account
---
2025/03/07 07:33:22 [error] [system.db.CDbCommand] CDbCommand::fetchAll() failed: SQLSTATE[42S22]: Column not found: 1054 Unknown column 'lastname' in 'where clause'. The SQL statement executed was: SELECT * FROM `tbl_account` `t` WHERE lastname LIKE :lastname AND date_hired = :date_hired.
in C:\xampp\htdocs\mod5\protected\controllers\AccountController.php (189)
in C:\xampp\htdocs\mod5\index.php (13)
2025/03/07 07:33:22 [error] [exception.CDbException] CDbException: CDbCommand failed to execute the SQL statement: SQLSTATE[42S22]: Column not found: 1054 Unknown column 'lastname' in 'where clause'. The SQL statement executed was: SELECT * FROM `tbl_account` `t` WHERE lastname LIKE :lastname AND date_hired = :date_hired in C:\xampp\htdocs\mod5\framework\db\CDbCommand.php:543
Stack trace:
#0 C:\xampp\htdocs\mod5\framework\db\CDbCommand.php(396): CDbCommand->queryInternal('fetchAll', Array, Array)
#1 C:\xampp\htdocs\mod5\framework\db\ar\CActiveRecord.php(1359): CDbCommand->queryAll()
#2 C:\xampp\htdocs\mod5\framework\db\ar\CActiveRecord.php(1478): CActiveRecord->query(Object(CDbCriteria), true)
#3 C:\xampp\htdocs\mod5\protected\controllers\AccountController.php(189): CActiveRecord->findAll(Array)
#4 C:\xampp\htdocs\mod5\framework\web\actions\CInlineAction.php(49): AccountController->actionConvert()
#5 C:\xampp\htdocs\mod5\framework\web\CController.php(308): CInlineAction->runWithParams(Array)
#6 C:\xampp\htdocs\mod5\framework\web\filters\CFilterChain.php(134): CController->runAction(Object(CInlineAction))
#7 C:\xampp\htdocs\mod5\framework\web\filters\CFilter.php(40): CFilterChain->run()
#8 C:\xampp\htdocs\mod5\framework\web\CController.php(1148): CFilter->filter(Object(CFilterChain))
#9 C:\xampp\htdocs\mod5\framework\web\filters\CInlineFilter.php(58): CController->filterAccessControl(Object(CFilterChain))
#10 C:\xampp\htdocs\mod5\framework\web\filters\CFilterChain.php(131): CInlineFilter->filter(Object(CFilterChain))
#11 C:\xampp\htdocs\mod5\framework\web\CController.php(291): CFilterChain->run()
#12 C:\xampp\htdocs\mod5\framework\web\CController.php(265): CController->runActionWithFilters(Object(CInlineAction), Array)
#13 C:\xampp\htdocs\mod5\framework\web\CWebApplication.php(282): CController->run('convert')
#14 C:\xampp\htdocs\mod5\framework\web\CWebApplication.php(141): CWebApplication->runController('account/convert')
#15 C:\xampp\htdocs\mod5\framework\base\CApplication.php(185): CWebApplication->processRequest()
#16 C:\xampp\htdocs\mod5\index.php(13): CApplication->run()
#17 {main}
REQUEST_URI=/mod5/index.php/account/convert
HTTP_REFERER=http://localhost/mod5/index.php/account
---
2025/03/07 07:44:40 [error] [system.db.CDbCommand] CDbCommand::fetchAll() failed: SQLSTATE[42S22]: Column not found: 1054 Unknown column 'lastname' in 'where clause'. The SQL statement executed was: SELECT * FROM `tbl_account` `t` WHERE lastname LIKE :lastname AND date_hired <= :date_hired.
in C:\xampp\htdocs\mod5\protected\controllers\AccountController.php (177)
in C:\xampp\htdocs\mod5\index.php (13)
2025/03/07 07:44:40 [error] [exception.CDbException] CDbException: CDbCommand failed to execute the SQL statement: SQLSTATE[42S22]: Column not found: 1054 Unknown column 'lastname' in 'where clause'. The SQL statement executed was: SELECT * FROM `tbl_account` `t` WHERE lastname LIKE :lastname AND date_hired <= :date_hired in C:\xampp\htdocs\mod5\framework\db\CDbCommand.php:543
Stack trace:
#0 C:\xampp\htdocs\mod5\framework\db\CDbCommand.php(396): CDbCommand->queryInternal('fetchAll', Array, Array)
#1 C:\xampp\htdocs\mod5\framework\db\ar\CActiveRecord.php(1359): CDbCommand->queryAll()
#2 C:\xampp\htdocs\mod5\framework\db\ar\CActiveRecord.php(1478): CActiveRecord->query(Object(CDbCriteria), true)
#3 C:\xampp\htdocs\mod5\protected\controllers\AccountController.php(177): CActiveRecord->findAll(Array)
#4 C:\xampp\htdocs\mod5\framework\web\actions\CInlineAction.php(49): AccountController->actionConvert()
#5 C:\xampp\htdocs\mod5\framework\web\CController.php(308): CInlineAction->runWithParams(Array)
#6 C:\xampp\htdocs\mod5\framework\web\filters\CFilterChain.php(134): CController->runAction(Object(CInlineAction))
#7 C:\xampp\htdocs\mod5\framework\web\filters\CFilter.php(40): CFilterChain->run()
#8 C:\xampp\htdocs\mod5\framework\web\CController.php(1148): CFilter->filter(Object(CFilterChain))
#9 C:\xampp\htdocs\mod5\framework\web\filters\CInlineFilter.php(58): CController->filterAccessControl(Object(CFilterChain))
#10 C:\xampp\htdocs\mod5\framework\web\filters\CFilterChain.php(131): CInlineFilter->filter(Object(CFilterChain))
#11 C:\xampp\htdocs\mod5\framework\web\CController.php(291): CFilterChain->run()
#12 C:\xampp\htdocs\mod5\framework\web\CController.php(265): CController->runActionWithFilters(Object(CInlineAction), Array)
#13 C:\xampp\htdocs\mod5\framework\web\CWebApplication.php(282): CController->run('convert')
#14 C:\xampp\htdocs\mod5\framework\web\CWebApplication.php(141): CWebApplication->runController('account/convert')
#15 C:\xampp\htdocs\mod5\framework\base\CApplication.php(185): CWebApplication->processRequest()
#16 C:\xampp\htdocs\mod5\index.php(13): CApplication->run()
#17 {main}
REQUEST_URI=/mod5/index.php/account/convert
HTTP_REFERER=http://localhost/mod5/index.php/account/convert
---
2025/03/07 07:45:48 [error] [system.db.CDbCommand] CDbCommand::fetchAll() failed: SQLSTATE[42S22]: Column not found: 1054 Unknown column 'lastname' in 'where clause'. The SQL statement executed was: SELECT * FROM `tbl_account` `t` WHERE lastname LIKE :lastname AND date_hired <= :date_hired.
in C:\xampp\htdocs\mod5\protected\controllers\AccountController.php (177)
in C:\xampp\htdocs\mod5\index.php (13)
2025/03/07 07:45:48 [error] [exception.CDbException] CDbException: CDbCommand failed to execute the SQL statement: SQLSTATE[42S22]: Column not found: 1054 Unknown column 'lastname' in 'where clause'. The SQL statement executed was: SELECT * FROM `tbl_account` `t` WHERE lastname LIKE :lastname AND date_hired <= :date_hired in C:\xampp\htdocs\mod5\framework\db\CDbCommand.php:543
Stack trace:
#0 C:\xampp\htdocs\mod5\framework\db\CDbCommand.php(396): CDbCommand->queryInternal('fetchAll', Array, Array)
#1 C:\xampp\htdocs\mod5\framework\db\ar\CActiveRecord.php(1359): CDbCommand->queryAll()
#2 C:\xampp\htdocs\mod5\framework\db\ar\CActiveRecord.php(1478): CActiveRecord->query(Object(CDbCriteria), true)
#3 C:\xampp\htdocs\mod5\protected\controllers\AccountController.php(177): CActiveRecord->findAll(Array)
#4 C:\xampp\htdocs\mod5\framework\web\actions\CInlineAction.php(49): AccountController->actionConvert()
#5 C:\xampp\htdocs\mod5\framework\web\CController.php(308): CInlineAction->runWithParams(Array)
#6 C:\xampp\htdocs\mod5\framework\web\filters\CFilterChain.php(134): CController->runAction(Object(CInlineAction))
#7 C:\xampp\htdocs\mod5\framework\web\filters\CFilter.php(40): CFilterChain->run()
#8 C:\xampp\htdocs\mod5\framework\web\CController.php(1148): CFilter->filter(Object(CFilterChain))
#9 C:\xampp\htdocs\mod5\framework\web\filters\CInlineFilter.php(58): CController->filterAccessControl(Object(CFilterChain))
#10 C:\xampp\htdocs\mod5\framework\web\filters\CFilterChain.php(131): CInlineFilter->filter(Object(CFilterChain))
#11 C:\xampp\htdocs\mod5\framework\web\CController.php(291): CFilterChain->run()
#12 C:\xampp\htdocs\mod5\framework\web\CController.php(265): CController->runActionWithFilters(Object(CInlineAction), Array)
#13 C:\xampp\htdocs\mod5\framework\web\CWebApplication.php(282): CController->run('convert')
#14 C:\xampp\htdocs\mod5\framework\web\CWebApplication.php(141): CWebApplication->runController('account/convert')
#15 C:\xampp\htdocs\mod5\framework\base\CApplication.php(185): CWebApplication->processRequest()
#16 C:\xampp\htdocs\mod5\index.php(13): CApplication->run()
#17 {main}
REQUEST_URI=/mod5/index.php/account/convert
HTTP_REFERER=http://localhost/mod5/index.php/account/convert
---
2025/03/07 07:51:13 [error] [system.db.CDbCommand] CDbCommand::fetchAll() failed: SQLSTATE[42S22]: Column not found: 1054 Unknown column 'lastname' in 'where clause'. The SQL statement executed was: SELECT * FROM `tbl_account` `t` WHERE lastname LIKE :lastname AND date_hired <= :date_hired.
in C:\xampp\htdocs\mod5\protected\controllers\AccountController.php (177)
in C:\xampp\htdocs\mod5\index.php (13)
2025/03/07 07:51:13 [error] [exception.CDbException] CDbException: CDbCommand failed to execute the SQL statement: SQLSTATE[42S22]: Column not found: 1054 Unknown column 'lastname' in 'where clause'. The SQL statement executed was: SELECT * FROM `tbl_account` `t` WHERE lastname LIKE :lastname AND date_hired <= :date_hired in C:\xampp\htdocs\mod5\framework\db\CDbCommand.php:543
Stack trace:
#0 C:\xampp\htdocs\mod5\framework\db\CDbCommand.php(396): CDbCommand->queryInternal('fetchAll', Array, Array)
#1 C:\xampp\htdocs\mod5\framework\db\ar\CActiveRecord.php(1359): CDbCommand->queryAll()
#2 C:\xampp\htdocs\mod5\framework\db\ar\CActiveRecord.php(1478): CActiveRecord->query(Object(CDbCriteria), true)
#3 C:\xampp\htdocs\mod5\protected\controllers\AccountController.php(177): CActiveRecord->findAll(Array)
#4 C:\xampp\htdocs\mod5\framework\web\actions\CInlineAction.php(49): AccountController->actionConvert()
#5 C:\xampp\htdocs\mod5\framework\web\CController.php(308): CInlineAction->runWithParams(Array)
#6 C:\xampp\htdocs\mod5\framework\web\filters\CFilterChain.php(134): CController->runAction(Object(CInlineAction))
#7 C:\xampp\htdocs\mod5\framework\web\filters\CFilter.php(40): CFilterChain->run()
#8 C:\xampp\htdocs\mod5\framework\web\CController.php(1148): CFilter->filter(Object(CFilterChain))
#9 C:\xampp\htdocs\mod5\framework\web\filters\CInlineFilter.php(58): CController->filterAccessControl(Object(CFilterChain))
#10 C:\xampp\htdocs\mod5\framework\web\filters\CFilterChain.php(131): CInlineFilter->filter(Object(CFilterChain))
#11 C:\xampp\htdocs\mod5\framework\web\CController.php(291): CFilterChain->run()
#12 C:\xampp\htdocs\mod5\framework\web\CController.php(265): CController->runActionWithFilters(Object(CInlineAction), Array)
#13 C:\xampp\htdocs\mod5\framework\web\CWebApplication.php(282): CController->run('convert')
#14 C:\xampp\htdocs\mod5\framework\web\CWebApplication.php(141): CWebApplication->runController('account/convert')
#15 C:\xampp\htdocs\mod5\framework\base\CApplication.php(185): CWebApplication->processRequest()
#16 C:\xampp\htdocs\mod5\index.php(13): CApplication->run()
#17 {main}
REQUEST_URI=/mod5/index.php/account/convert
HTTP_REFERER=http://localhost/mod5/index.php/user
---
